0 info it worked if it ends with ok
1 verbose cli [ 'C:\\Program Files\\nodejs\\node.exe',
1 verbose cli   'C:\\Program Files\\nodejs\\node_modules\\npm\\bin\\npm-cli.js',
1 verbose cli   'start' ]
2 info using npm@4.1.2
3 info using node@v7.5.0
4 verbose run-script [ 'prestart', 'start', 'poststart' ]
5 info lifecycle tecmarket@0.1.0~prestart: tecmarket@0.1.0
6 silly lifecycle tecmarket@0.1.0~prestart: no script for prestart, continuing
7 info lifecycle tecmarket@0.1.0~start: tecmarket@0.1.0
8 verbose lifecycle tecmarket@0.1.0~start: unsafe-perm in lifecycle true
9 verbose lifecycle tecmarket@0.1.0~start: PATH: C:\Program Files\nodejs\node_modules\npm\bin\node-gyp-bin;C:\Users\pamel\Documents\GitHub\SOEN343\node_modules\.bin;C:\Program Files (x86)\Pololu\Maestro\bin;C:\ProgramData\Oracle\Java\javapath;C:\Program Files (x86)\Intel\iCLS Client\;C:\Program Files\Intel\iCLS Client\;C:\Windows\system32;C:\Windows;C:\Windows\System32\Wbem;C:\Windows\System32\WindowsPowerShell\v1.0\;C:\Program Files (x86)\NVIDIA Corporation\PhysX\Common;C:\Program Files (x86)\Intel\Intel(R) Management Engine Components\DAL;C:\Program Files\Intel\Intel(R) Management Engine Components\DAL;C:\Program Files (x86)\Intel\Intel(R) Management Engine Components\IPT;C:\Program Files\Intel\Intel(R) Management Engine Components\IPT;C:\WINDOWS\system32;C:\WINDOWS;C:\WINDOWS\System32\Wbem;C:\WINDOWS\System32\WindowsPowerShell\v1.0\;C:\Program Files\nodejs\;C:\Program Files (x86)\GtkSharp\2.12\bin;C:\Program Files (x86)\Windows Kits\10\Windows Performance Toolkit\;C:\Program Files\Microsoft SQL Server\130\Tools\Binn\;C:\Program Files (x86)\Skype\Phone\;C:\Python27;C:\Python27\Scripts;C:\Program Files\Git\cmd;C:\ProgramData\Oracle\Java\javapath;C:\Program Files (x86)\Intel\iCLS Client\;C:\Program Files\Intel\iCLS Client\;C:\Windows\system32;C:\Windows;C:\Windows\System32\Wbem;C:\Windows\System32\WindowsPowerShell\v1.0\;C:\Program Files (x86)\NVIDIA Corporation\PhysX\Common;C:\Program Files (x86)\Intel\Intel(R) Management Engine Components\DAL;C:\Program Files\Intel\Intel(R) Management Engine Components\DAL;C:\Program Files (x86)\Intel\Intel(R) Management Engine Components\IPT;C:\Program Files\Intel\Intel(R) Management Engine Components\IPT;C:\WINDOWS\system32;C:\WINDOWS;C:\WINDOWS\System32\Wbem;C:\WINDOWS\System32\WindowsPowerShell\v1.0\;C:\Program Files\nodejs\;C:\Program Files (x86)\GtkSharp\2.12\bin;C:\Program Files (x86)\Windows Kits\10\Windows Performance Toolkit\;C:\Program Files\Microsoft SQL Server\130\Tools\Binn\;C:\Program Files\Git\cmd;C:\Program Files (x86)\Skype\Phone\;C:\Users\pamel\AppData\Local\Microsoft\WindowsApps;C:\Users\pamel\AppData\Local\atom\bin;C:\Users\pamel\AppData\Local\.meteor\;C:\Users\pamel\AppData\Roaming\npm;C:\Python27;%USERPROFILE%\AppData\Local\Microsoft\WindowsApps;
10 verbose lifecycle tecmarket@0.1.0~start: CWD: C:\Users\pamel\Documents\GitHub\SOEN343
11 silly lifecycle tecmarket@0.1.0~start: Args: [ '/d /s /c', 'node ./server/app.js' ]
12 silly lifecycle tecmarket@0.1.0~start: Returned: code: 1  signal: null
13 info lifecycle tecmarket@0.1.0~start: Failed to exec start script
14 verbose stack Error: tecmarket@0.1.0 start: `node ./server/app.js`
14 verbose stack Exit status 1
14 verbose stack     at EventEmitter.<anonymous> (C:\Program Files\nodejs\node_modules\npm\lib\utils\lifecycle.js:279:16)
14 verbose stack     at emitTwo (events.js:106:13)
14 verbose stack     at EventEmitter.emit (events.js:192:7)
14 verbose stack     at ChildProcess.<anonymous> (C:\Program Files\nodejs\node_modules\npm\lib\utils\spawn.js:40:14)
14 verbose stack     at emitTwo (events.js:106:13)
14 verbose stack     at ChildProcess.emit (events.js:192:7)
14 verbose stack     at maybeClose (internal/child_process.js:890:16)
14 verbose stack     at Process.ChildProcess._handle.onexit (internal/child_process.js:226:5)
15 verbose pkgid tecmarket@0.1.0
16 verbose cwd C:\Users\pamel\Documents\GitHub\SOEN343
17 error Windows_NT 10.0.15063
18 error argv "C:\\Program Files\\nodejs\\node.exe" "C:\\Program Files\\nodejs\\node_modules\\npm\\bin\\npm-cli.js" "start"
19 error node v7.5.0
20 error npm  v4.1.2
21 error code ELIFECYCLE
22 error tecmarket@0.1.0 start: `node ./server/app.js`
22 error Exit status 1
23 error Failed at the tecmarket@0.1.0 start script 'node ./server/app.js'.
23 error Make sure you have the latest version of node.js and npm installed.
23 error If you do, this is most likely a problem with the tecmarket package,
23 error not with npm itself.
23 error Tell the author that this fails on your system:
23 error     node ./server/app.js
23 error You can get information on how to open an issue for this project with:
23 error     npm bugs tecmarket
23 error Or if that isn't available, you can get their info via:
23 error     npm owner ls tecmarket
23 error There is likely additional logging output above.
24 verbose exit [ 1, true ]
